
Mon Feb  2 21:05:32 CET 2026: ════════════════════════════════════════════════
Mon Feb  2 21:05:32 CET 2026: Cache Cleaner daemon started
Mon Feb  2 21:05:32 CET 2026: Check interval: 300s (5min)
Mon Feb  2 21:05:32 CET 2026: Configured directories:
Mon Feb  2 21:05:32 CET 2026:   - 1000MB: /Users/kasperissim0/Library/Application Support/CloudDocs/session/i
Mon Feb  2 21:05:32 CET 2026:   - 850MB: /Users/kasperissim0/Library/Caches
Mon Feb  2 21:05:32 CET 2026:   - 400MB: /Users/kasperissim0/Library/Application Support/obsidian/Code Cache
Mon Feb  2 21:05:32 CET 2026:   - 400MB: /Users/kasperissim0/Library/Application Support/obsidian/Cache
Mon Feb  2 21:05:32 CET 2026:   - 300MB: /Users/kasperissim0/Library/Containers/com.apple.mediaanalysisd/Data/Library/Caches
Mon Feb  2 21:05:32 CET 2026:   - 300MB: /Users/kasperissim0/Library/Application Support/Code/Cache/Cache_Data
Mon Feb  2 21:05:32 CET 2026:   - 300MB: /Users/kasperissim0/.cache/puppeteer
Mon Feb  2 21:05:32 CET 2026:   - 200MB: /Users/kasperissim0/Library/Application Support/BraveSoftware/Brave-Browser/Default/Service Worker/CacheStorage
Mon Feb  2 21:05:32 CET 2026:   - 200MB: /Users/kasperissim0/Library/Caches/BraveSoftware/Brave-Browser/Default/Cache/Cache_Data
Mon Feb  2 21:05:32 CET 2026:   - 200MB: /Users/kasperissim0/Library/Containers/com.apple.mediaanalysisd/Data/Library/Caches
Mon Feb  2 21:05:32 CET 2026:   - 200MB: /Users/kasperissim0/Library/Caches/BraveSoftware/Brave-Browser/Default/Code Cache
Mon Feb  2 21:05:32 CET 2026:   - 200MB: /Users/kasperissim0/Library/Application Support/Code/Crashpad/completed
Mon Feb  2 21:05:32 CET 2026:   - 200MB: /Users/kasperissim0/.npm/_cacache/content-v2/sha512
Mon Feb  2 21:05:32 CET 2026:   - 150MB: /Users/kasperissim0/Library/Group Containers/6N38VWS5BX.ru.keepcoder.Telegram/appstore
Mon Feb  2 21:05:32 CET 2026:   - 150MB: /Users/kasperissim0/Library/Application Support/Code/CachedExtensionVSIXs
Mon Feb  2 21:05:32 CET 2026:   - 150MB: /Users/kasperissim0/Library/HTTPStorages
Mon Feb  2 21:05:32 CET 2026:   - 150MB: /Users/kasperissim0/Library/Biome
Mon Feb  2 21:05:32 CET 2026:   - 100MB: /Users/kasperissim0/Library/Metadata/CoreSpotlight/NSFileProtectionCompleteUntilFirstUserAuthentication/index.spotlightV3
Mon Feb  2 21:05:32 CET 2026:   - 100MB: /Volumes/Macintosh HD/private/var/folders/g4/9b2zcttx25q2c55blvwqrf780000gn/C/clang/ModuleCache
Mon Feb  2 21:05:32 CET 2026:   - 100MB: /Users/kasperissim0/Library/Application Support/obsidian/Service Worker/CacheStorage
Mon Feb  2 21:05:32 CET 2026:   - 100MB: /Users/kasperissim0/Library/Containers/com.apple.iBooksX/Data/Library/Caches
Mon Feb  2 21:05:32 CET 2026:   - 100MB: /Users/kasperissim0/Library/Caches/vscode-cpptools
Mon Feb  2 21:05:32 CET 2026:   - 100MB: /Users/kasperissim0/Library/Caches/Homebrew
Mon Feb  2 21:05:32 CET 2026: ════════════════════════════════════════════════
Mon Feb  2 21:05:32 CET 2026: ┌─ Starting cache check...
Mon Feb  2 21:05:32 CET 2026: │  ⚠ OVER THRESHOLD: 48.80GB > 1000.00MB
Mon Feb  2 21:05:32 CET 2026: │  📁 Path: /Users/kasperissim0/Library/Application Support/CloudDocs/session/i
Mon Feb  2 21:05:32 CET 2026: ✓ Cleared 48.80GB from '/Users/kasperissim0/Library/Application Support/CloudDocs/session/i'
Mon Feb  2 21:05:32 CET 2026: │  ✓ OK: 239.22MB / 850.00MB - /Users/kasperissim0/Library/Caches
Mon Feb  2 21:05:32 CET 2026: │  ✓ OK: 5.03MB / 400.00MB - /Users/kasperissim0/Library/Application Support/obsidian/Code Cache
Mon Feb  2 21:05:32 CET 2026: │  ✓ OK: 29.10MB / 400.00MB - /Users/kasperissim0/Library/Application Support/obsidian/Cache
Mon Feb  2 21:05:32 CET 2026: │  ✓ OK: 86.56MB / 300.00MB - /Users/kasperissim0/Library/Containers/com.apple.mediaanalysisd/Data/Library/Caches
Mon Feb  2 21:05:32 CET 2026: │  ✓ OK: 95.49MB / 300.00MB - /Users/kasperissim0/Library/Application Support/Code/Cache/Cache_Data
Mon Feb  2 21:05:32 CET 2026: │  ✓ OK: 0B / 300.00MB - /Users/kasperissim0/.cache/puppeteer
Mon Feb  2 21:05:32 CET 2026: │  ✓ OK: 25.21MB / 200.00MB - /Users/kasperissim0/Library/Application Support/BraveSoftware/Brave-Browser/Default/Service Worker/CacheStorage
Mon Feb  2 21:05:32 CET 2026: │  ✓ OK: 107.64MB / 200.00MB - /Users/kasperissim0/Library/Caches/BraveSoftware/Brave-Browser/Default/Cache/Cache_Data
Mon Feb  2 21:05:32 CET 2026: │  ✓ OK: 86.56MB / 200.00MB - /Users/kasperissim0/Library/Containers/com.apple.mediaanalysisd/Data/Library/Caches
Mon Feb  2 21:05:32 CET 2026: │  ✓ OK: 35.21MB / 200.00MB - /Users/kasperissim0/Library/Caches/BraveSoftware/Brave-Browser/Default/Code Cache
Mon Feb  2 21:05:32 CET 2026: │  ✓ OK: 120.48MB / 200.00MB - /Users/kasperissim0/Library/Application Support/Code/Crashpad/completed
Mon Feb  2 21:05:32 CET 2026: │  ⚠ OVER THRESHOLD: 218.80MB > 200.00MB
Mon Feb  2 21:05:32 CET 2026: │  📁 Path: /Users/kasperissim0/.npm/_cacache/content-v2/sha512
Mon Feb  2 21:05:36 CET 2026: ✓ Cleared 218.80MB from '/Users/kasperissim0/.npm/_cacache/content-v2/sha512'
Mon Feb  2 21:05:36 CET 2026: │  ✓ OK: 84.69MB / 150.00MB - /Users/kasperissim0/Library/Group Containers/6N38VWS5BX.ru.keepcoder.Telegram/appstore
Mon Feb  2 21:05:36 CET 2026: │  ✓ OK: 77.77MB / 150.00MB - /Users/kasperissim0/Library/Application Support/Code/CachedExtensionVSIXs
Mon Feb  2 21:05:36 CET 2026: │  ✓ OK: 27.27MB / 150.00MB - /Users/kasperissim0/Library/HTTPStorages
Mon Feb  2 21:05:36 CET 2026: │  ✓ OK: 125.54MB / 150.00MB - /Users/kasperissim0/Library/Biome
Mon Feb  2 21:05:36 CET 2026: │  ✓ OK: 29.37MB / 100.00MB - /Users/kasperissim0/Library/Metadata/CoreSpotlight/NSFileProtectionCompleteUntilFirstUserAuthentication/index.spotlightV3
Mon Feb  2 21:05:36 CET 2026: │  ✓ OK: 86.49MB / 100.00MB - /Volumes/Macintosh HD/private/var/folders/g4/9b2zcttx25q2c55blvwqrf780000gn/C/clang/ModuleCache
Mon Feb  2 21:05:36 CET 2026: │  ✓ OK: 83.14MB / 100.00MB - /Users/kasperissim0/Library/Application Support/obsidian/Service Worker/CacheStorage
Mon Feb  2 21:05:36 CET 2026: │  ✓ OK: 49.66MB / 100.00MB - /Users/kasperissim0/Library/Containers/com.apple.iBooksX/Data/Library/Caches
Mon Feb  2 21:05:36 CET 2026: │  ⊘ SKIP: Directory not found - /Users/kasperissim0/Library/Caches/vscode-cpptools
Mon Feb  2 21:05:36 CET 2026: │  ✓ OK: 52.44MB / 100.00MB - /Users/kasperissim0/Library/Caches/Homebrew
Mon Feb  2 21:05:36 CET 2026: └─ Check complete
Mon Feb  2 21:05:36 CET 2026:    Directories checked: 22
Mon Feb  2 21:05:36 CET 2026:    Directories cleared: 2
Mon Feb  2 21:05:36 CET 2026:    Total space freed: 49.02GB
Mon Feb  2 21:05:36 CET 2026:    Next check in 300s

