du: invalid option -- b
usage: du [-Aclnx] [-H | -L | -P] [-g | -h | -k | -m] [-a | -s | -d depth] [-B blocksize] [-I mask] [-t threshold] [file ...]
/Users/kornienkodaniel/Documents/1_Projects/Cache Cleaner/Extra/Script & Spec/cache_cleaner.sh: line 30: [: : integer expression expected
du: invalid option -- b
usage: du [-Aclnx] [-H | -L | -P] [-g | -h | -k | -m] [-a | -s | -d depth] [-B blocksize] [-I mask] [-t threshold] [file ...]
/Users/kornienkodaniel/Documents/1_Projects/Cache Cleaner/Extra/Script & Spec/cache_cleaner.sh: line 30: [: : integer expression expected
du: invalid option -- b
usage: du [-Aclnx] [-H | -L | -P] [-g | -h | -k | -m] [-a | -s | -d depth] [-B blocksize] [-I mask] [-t threshold] [file ...]
/Users/kornienkodaniel/Documents/1_Projects/Cache Cleaner/Extra/Script & Spec/cache_cleaner.sh: line 30: [: : integer expression expected
du: invalid option -- b
usage: du [-Aclnx] [-H | -L | -P] [-g | -h | -k | -m] [-a | -s | -d depth] [-B blocksize] [-I mask] [-t threshold] [file ...]
/Users/kornienkodaniel/Documents/1_Projects/Cache Cleaner/Extra/Script & Spec/cache_cleaner.sh: line 30: [: : integer expression expected
du: invalid option -- b
usage: du [-Aclnx] [-H | -L | -P] [-g | -h | -k | -m] [-a | -s | -d depth] [-B blocksize] [-I mask] [-t threshold] [file ...]
/Users/kornienkodaniel/Documents/1_Projects/Cache Cleaner/Extra/Script & Spec/cache_cleaner.sh: line 30: [: : integer expression expected
du: invalid option -- b
usage: du [-Aclnx] [-H | -L | -P] [-g | -h | -k | -m] [-a | -s | -d depth] [-B blocksize] [-I mask] [-t threshold] [file ...]
/Users/kornienkodaniel/Documents/1_Projects/Cache Cleaner/Extra/Script & Spec/cache_cleaner.sh: line 30: [: : integer expression expected
du: invalid option -- b
usage: du [-Aclnx] [-H | -L | -P] [-g | -h | -k | -m] [-a | -s | -d depth] [-B blocksize] [-I mask] [-t threshold] [file ...]
/Users/kornienkodaniel/Documents/1_Projects/Cache Cleaner/Extra/Script & Spec/cache_cleaner.sh: line 30: [: : integer expression expected
du: invalid option -- b
usage: du [-Aclnx] [-H | -L | -P] [-g | -h | -k | -m] [-a | -s | -d depth] [-B blocksize] [-I mask] [-t threshold] [file ...]
/Users/kornienkodaniel/Documents/1_Projects/Cache Cleaner/Extra/Script & Spec/cache_cleaner.sh: line 30: [: : integer expression expected
du: invalid option -- b
usage: du [-Aclnx] [-H | -L | -P] [-g | -h | -k | -m] [-a | -s | -d depth] [-B blocksize] [-I mask] [-t threshold] [file ...]
/Users/kornienkodaniel/Documents/1_Projects/Cache Cleaner/Extra/Script & Spec/cache_cleaner.sh: line 30: [: : integer expression expected
find: /Users/kasperissim0/Library/Caches/com.apple.HomeKit: Operation not permitted
find: /Users/kasperissim0/Library/Caches/CloudKit: Operation not permitted
find: /Users/kasperissim0/Library/Caches/com.apple.Safari: Operation not permitted
find: /Users/kasperissim0/Library/Caches/com.apple.containermanagerd: Operation not permitted
find: /Users/kasperissim0/Library/Caches/FamilyCircle: Operation not permitted
find: /Users/kasperissim0/Library/Caches/com.apple.homed: Operation not permitted
find: /Users/kasperissim0/Library/Caches/com.apple.ap.adprivacyd: Operation not permitted
/Users/kasperissim0/Code/Projects/Cache Cleaner/Extra/Script & Spec/cache_cleaner.sh: line 76: /Users/kasperissim0/Code/Cache Cleaner/cache_cleaner.log: No such file or directory
/Users/kasperissim0/Code/Projects/Cache Cleaner/Extra/Script & Spec/cache_cleaner.sh: line 76: /Users/kasperissim0/Code/Cache Cleaner/cache_cleaner.log: No such file or directory
/Users/kasperissim0/Code/Projects/Cache Cleaner/Extra/Script & Spec/cache_cleaner.sh: line 76: /Users/kasperissim0/Code/Cache Cleaner/cache_cleaner.log: No such file or directory
/Users/kasperissim0/Code/Projects/Cache Cleaner/Extra/Script & Spec/cache_cleaner.sh: line 76: /Users/kasperissim0/Code/Cache Cleaner/cache_cleaner.log: No such file or directory
/Users/kasperissim0/Code/Projects/Cache Cleaner/Extra/Script & Spec/cache_cleaner.sh: line 76: /Users/kasperissim0/Code/Cache Cleaner/cache_cleaner.log: No such file or directory
/Users/kasperissim0/Code/Projects/Cache Cleaner/Extra/Script & Spec/cache_cleaner.sh: line 76: /Users/kasperissim0/Code/Cache Cleaner/cache_cleaner.log: No such file or directory
/Users/kasperissim0/Code/Projects/Cache Cleaner/Extra/Script & Spec/cache_cleaner.sh: line 76: /Users/kasperissim0/Code/Cache Cleaner/cache_cleaner.log: No such file or directory
/bin/bash: /Users/kasperissim0/Code/Projects/Cache Cleaner/Extra/Script & Spec/cache_cleaner.sh: No such file or directory
/bin/bash: /Users/kasperissim0/Code/Projects/Cache Cleaner/Extra/Script & Spec/cache_cleaner.sh: No such file or directory
/bin/bash: /Users/kasperissim0/Code/Projects/Cache Cleaner/Extra/Script & Spec/cache_cleaner.sh: No such file or directory
